0 info it worked if it ends with ok
1 verbose cli [ 'C:\\Program Files\\nodejs\\node.exe',
1 verbose cli   'C:\\Program Files\\nodejs\\node_modules\\npm\\bin\\npm-cli.js',
1 verbose cli   'run',
1 verbose cli   'server' ]
2 info using npm@3.3.12
3 info using node@v5.1.0
4 verbose run-script [ 'preserver', 'server', 'postserver' ]
5 info lifecycle sae-demo@0.0.0~preserver: sae-demo@0.0.0
6 silly lifecycle sae-demo@0.0.0~preserver: no script for preserver, continuing
7 info lifecycle sae-demo@0.0.0~server: sae-demo@0.0.0
8 verbose lifecycle sae-demo@0.0.0~server: unsafe-perm in lifecycle true
9 verbose lifecycle sae-demo@0.0.0~server: PATH: C:\Program Files\nodejs\node_modules\npm\bin\node-gyp-bin;D:\gitwork\sae-demo\node_modules\.bin;C:\Users\admin\bin;C:\Program Files\Git\mingw64\bin;C:\Program Files\Git\usr\local\bin;C:\Program Files\Git\usr\bin;C:\Program Files\Git\usr\bin;C:\Program Files\Git\mingw64\bin;C:\Program Files\Git\usr\bin;C:\Users\admin\bin;C:\windows\system32;C:\windows;C:\windows\System32\Wbem;C:\windows\System32\WindowsPowerShell\v1.0;C:\Ruby22\bin;C:\Program Files\nodejs;C:\Program Files\nodejs\node_global;C:\Users\admin\AppData\Local\atom\bin;C:\Users\admin\AppData\Roaming\npm;C:\Program Files\Git\usr\bin\vendor_perl;C:\Program Files\Git\usr\bin\core_perl
10 verbose lifecycle sae-demo@0.0.0~server: CWD: D:\gitwork\sae-demo
11 silly lifecycle sae-demo@0.0.0~server: Args: [ '/d /s /c', 'node app.js' ]
12 silly lifecycle sae-demo@0.0.0~server: Returned: code: 1  signal: null
13 info lifecycle sae-demo@0.0.0~server: Failed to exec server script
14 verbose stack Error: sae-demo@0.0.0 server: `node app.js`
14 verbose stack Exit status 1
14 verbose stack     at EventEmitter.<anonymous> (C:\Program Files\nodejs\node_modules\npm\lib\utils\lifecycle.js:232:16)
14 verbose stack     at emitTwo (events.js:87:13)
14 verbose stack     at EventEmitter.emit (events.js:172:7)
14 verbose stack     at ChildProcess.<anonymous> (C:\Program Files\nodejs\node_modules\npm\lib\utils\spawn.js:24:14)
14 verbose stack     at emitTwo (events.js:87:13)
14 verbose stack     at ChildProcess.emit (events.js:172:7)
14 verbose stack     at maybeClose (internal/child_process.js:818:16)
14 verbose stack     at Process.ChildProcess._handle.onexit (internal/child_process.js:211:5)
15 verbose pkgid sae-demo@0.0.0
16 verbose cwd D:\gitwork\sae-demo
17 error Windows_NT 6.1.7601
18 error argv "C:\\Program Files\\nodejs\\node.exe" "C:\\Program Files\\nodejs\\node_modules\\npm\\bin\\npm-cli.js" "run" "server"
19 error node v5.1.0
20 error npm  v3.3.12
21 error code ELIFECYCLE
22 error sae-demo@0.0.0 server: `node app.js`
22 error Exit status 1
23 error Failed at the sae-demo@0.0.0 server script 'node app.js'.
23 error Make sure you have the latest version of node.js and npm installed.
23 error If you do, this is most likely a problem with the sae-demo package,
23 error not with npm itself.
23 error Tell the author that this fails on your system:
23 error     node app.js
23 error You can get their info via:
23 error     npm owner ls sae-demo
23 error There is likely additional logging output above.
24 verbose exit [ 1, true ]
